#! /c/Source/iverilog-install/bin/vvp
:ivl_version "12.0 (devel)" "(s20150603-1539-g2693dd32b)";
:ivl_delay_selection "TYPICAL";
:vpi_time_precision - 10;
:vpi_module "C:\iverilog\lib\ivl\system.vpi";
:vpi_module "C:\iverilog\lib\ivl\vhdl_sys.vpi";
:vpi_module "C:\iverilog\lib\ivl\vhdl_textio.vpi";
:vpi_module "C:\iverilog\lib\ivl\v2005_math.vpi";
:vpi_module "C:\iverilog\lib\ivl\va_math.vpi";
S_000001353e422ce0 .scope module, "dcache" "dcache" 2 12;
 .timescale -9 -10;
    .port_info 0 /INPUT 1 "clock";
    .port_info 1 /INPUT 1 "reset";
    .port_info 2 /INPUT 1 "read";
    .port_info 3 /INPUT 1 "write";
    .port_info 4 /INPUT 8 "address";
    .port_info 5 /INPUT 8 "cpu_writeData";
    .port_info 6 /OUTPUT 8 "cpu_readData";
    .port_info 7 /OUTPUT 1 "busywait";
    .port_info 8 /OUTPUT 1 "mem_read";
    .port_info 9 /OUTPUT 1 "mem_write";
    .port_info 10 /OUTPUT 6 "mem_address";
    .port_info 11 /OUTPUT 32 "mem_writedata";
    .port_info 12 /INPUT 32 "mem_readdata";
    .port_info 13 /INPUT 1 "mem_busywait";
P_000001353e44a140 .param/l "IDLE" 0 2 130, C4<000>;
P_000001353e44a178 .param/l "MEM_READ" 0 2 130, C4<001>;
P_000001353e44a1b0 .param/l "MEM_WRITE" 0 2 130, C4<010>;
L_000001353e469280/d .functor BUFZ 1, L_000001353e4bffc0, C4<0>, C4<0>, C4<0>;
L_000001353e469280 .delay 1 (10,10,10) L_000001353e469280/d;
L_000001353e4692f0 .functor AND 1, v000001353e4bebc0_0, L_000001353e4bf840, C4<1>, C4<1>;
L_000001353e4c0c78 .functor BUFT 1, C4<00>, C4<0>, C4<0>, C4<0>;
v000001353e44b970_0 .net *"_ivl_11", 1 0, L_000001353e4c0c78;  1 drivers
v000001353e44b790_0 .net *"_ivl_14", 0 0, L_000001353e4bf840;  1 drivers
v000001353e44b6f0_0 .net *"_ivl_16", 4 0, L_000001353e4bf7a0;  1 drivers
L_000001353e4c0cc0 .functor BUFT 1, C4<00>, C4<0>, C4<0>, C4<0>;
v000001353e44bab0_0 .net *"_ivl_19", 1 0, L_000001353e4c0cc0;  1 drivers
v000001353e44b830_0 .net *"_ivl_27", 2 0, L_000001353e4c0560;  1 drivers
v000001353e44c050_0 .net *"_ivl_29", 4 0, L_000001353e4bf200;  1 drivers
L_000001353e4c0d08 .functor BUFT 1, C4<00>, C4<0>, C4<0>, C4<0>;
v000001353e44be70_0 .net *"_ivl_32", 1 0, L_000001353e4c0d08;  1 drivers
v000001353e44bfb0_0 .net *"_ivl_6", 0 0, L_000001353e4bffc0;  1 drivers
v000001353e44bb50_0 .net *"_ivl_8", 4 0, L_000001353e4bf8e0;  1 drivers
o000001353e470168 .functor BUFZ 8, C4<zzzzzzzz>; HiZ drive
v000001353e44ba10_0 .net "address", 7 0, o000001353e470168;  0 drivers
v000001353e44c2d0_0 .var "busywait", 0 0;
o000001353e4701c8 .functor BUFZ 3, C4<zzz>; HiZ drive
v000001353e44bc90_0 .net "cache_tag", 2 0, o000001353e4701c8;  0 drivers
v000001353e44c5f0_0 .var "cache_write", 0 0;
v000001353e44c0f0 .array "cacheblock_array", 0 7, 31 0;
o000001353e4703a8 .functor BUFZ 1, C4<z>; HiZ drive
v000001353e44bbf0_0 .net "clock", 0 0, o000001353e4703a8;  0 drivers
v000001353e44bd30_0 .var "cpu_readData", 7 0;
o000001353e470408 .functor BUFZ 8, C4<zzzzzzzz>; HiZ drive
v000001353e44bdd0_0 .net "cpu_writeData", 7 0, o000001353e470408;  0 drivers
v000001353e44c370_0 .net "dirty", 0 0, L_000001353e469280;  1 drivers
v000001353e44c410 .array "dirty_array", 0 7, 0 0;
v000001353e44c4b0_0 .net "hit", 0 0, L_000001353e4692f0;  1 drivers
v000001353e4bf160_0 .var/i "i", 31 0;
v000001353e4bec60_0 .net "index", 2 0, L_000001353e4bfe80;  1 drivers
v000001353e4bea80_0 .var "mem_address", 5 0;
o000001353e470528 .functor BUFZ 1, C4<z>; HiZ drive
v000001353e4bed00_0 .net "mem_busywait", 0 0, o000001353e470528;  0 drivers
v000001353e4beda0_0 .var "mem_read", 0 0;
o000001353e470588 .functor BUFZ 32, C4<zzzzzzzzzzzzzzzzzzzzzzzzzzzzzzzz>; HiZ drive
v000001353e4c0240_0 .net "mem_readdata", 31 0, o000001353e470588;  0 drivers
v000001353e4bff20_0 .var "mem_write", 0 0;
v000001353e4bfca0_0 .var "mem_writedata", 31 0;
v000001353e4bf700_0 .var "next_state", 2 0;
v000001353e4bee40_0 .net "offset", 1 0, L_000001353e4beee0;  1 drivers
o000001353e470678 .functor BUFZ 1, C4<z>; HiZ drive
v000001353e4bf020_0 .net "read", 0 0, o000001353e470678;  0 drivers
o000001353e4706a8 .functor BUFZ 1, C4<z>; HiZ drive
v000001353e4be9e0_0 .net "reset", 0 0, o000001353e4706a8;  0 drivers
v000001353e4beb20_0 .var "state", 2 0;
v000001353e4c02e0_0 .net "tag", 2 0, L_000001353e4bf520;  1 drivers
v000001353e4bfd40 .array "tagArray", 0 7, 2 0;
v000001353e4bebc0_0 .var "tagmatch", 0 0;
v000001353e4bfac0 .array "valid_array", 0 7, 0 0;
o000001353e470768 .functor BUFZ 1, C4<z>; HiZ drive
v000001353e4bfde0_0 .net "write", 0 0, o000001353e470768;  0 drivers
E_000001353e44f670/0 .event anyedge, v000001353e4be9e0_0;
E_000001353e44f670/1 .event posedge, v000001353e44bbf0_0;
E_000001353e44f670 .event/or E_000001353e44f670/0, E_000001353e44f670/1;
E_000001353e44f6f0/0 .event anyedge, v000001353e4beb20_0, v000001353e4c02e0_0, v000001353e4bec60_0, v000001353e4bed00_0;
v000001353e44c0f0_0 .array/port v000001353e44c0f0, 0;
v000001353e44c0f0_1 .array/port v000001353e44c0f0, 1;
E_000001353e44f6f0/1 .event anyedge, v000001353e4c0240_0, v000001353e44bc90_0, v000001353e44c0f0_0, v000001353e44c0f0_1;
v000001353e44c0f0_2 .array/port v000001353e44c0f0, 2;
v000001353e44c0f0_3 .array/port v000001353e44c0f0, 3;
v000001353e44c0f0_4 .array/port v000001353e44c0f0, 4;
v000001353e44c0f0_5 .array/port v000001353e44c0f0, 5;
E_000001353e44f6f0/2 .event anyedge, v000001353e44c0f0_2, v000001353e44c0f0_3, v000001353e44c0f0_4, v000001353e44c0f0_5;
v000001353e44c0f0_6 .array/port v000001353e44c0f0, 6;
v000001353e44c0f0_7 .array/port v000001353e44c0f0, 7;
E_000001353e44f6f0/3 .event anyedge, v000001353e44c0f0_6, v000001353e44c0f0_7;
E_000001353e44f6f0 .event/or E_000001353e44f6f0/0, E_000001353e44f6f0/1, E_000001353e44f6f0/2, E_000001353e44f6f0/3;
E_000001353e44ea70/0 .event anyedge, v000001353e4beb20_0, v000001353e4bf020_0, v000001353e4bfde0_0, v000001353e44c370_0;
E_000001353e44ea70/1 .event anyedge, v000001353e44c4b0_0, v000001353e4bed00_0;
E_000001353e44ea70 .event/or E_000001353e44ea70/0, E_000001353e44ea70/1;
E_000001353e44f5b0 .event posedge, v000001353e44bbf0_0;
E_000001353e44eeb0 .event anyedge, v000001353e44c4b0_0, v000001353e4bf020_0, v000001353e4bfde0_0;
E_000001353e44ec30/0 .event anyedge, v000001353e4bee40_0, v000001353e4bec60_0, v000001353e44c0f0_0, v000001353e44c0f0_1;
E_000001353e44ec30/1 .event anyedge, v000001353e44c0f0_2, v000001353e44c0f0_3, v000001353e44c0f0_4, v000001353e44c0f0_5;
E_000001353e44ec30/2 .event anyedge, v000001353e44c0f0_6, v000001353e44c0f0_7;
E_000001353e44ec30 .event/or E_000001353e44ec30/0, E_000001353e44ec30/1, E_000001353e44ec30/2;
E_000001353e44e8b0 .event anyedge, v000001353e4c02e0_0, L_000001353e4c0560, v000001353e4bec60_0;
E_000001353e44f3b0 .event anyedge, v000001353e4bfde0_0, v000001353e4bf020_0;
L_000001353e4bf520 .delay 3 (10,10,10) L_000001353e4bf520/d;
L_000001353e4bf520/d .part o000001353e470168, 5, 3;
L_000001353e4bfe80 .delay 3 (10,10,10) L_000001353e4bfe80/d;
L_000001353e4bfe80/d .part o000001353e470168, 2, 3;
L_000001353e4beee0 .delay 2 (10,10,10) L_000001353e4beee0/d;
L_000001353e4beee0/d .part o000001353e470168, 0, 2;
L_000001353e4bffc0 .array/port v000001353e44c410, L_000001353e4bf8e0;
L_000001353e4bf8e0 .concat [ 3 2 0 0], L_000001353e4bfe80, L_000001353e4c0c78;
L_000001353e4bf840 .array/port v000001353e4bfac0, L_000001353e4bf7a0;
L_000001353e4bf7a0 .concat [ 3 2 0 0], L_000001353e4bfe80, L_000001353e4c0cc0;
L_000001353e4c0560 .array/port v000001353e4bfd40, L_000001353e4bf200;
L_000001353e4bf200 .concat [ 3 2 0 0], L_000001353e4bfe80, L_000001353e4c0d08;
    .scope S_000001353e422ce0;
T_0 ;
    %wait E_000001353e44f3b0;
    %load/vec4 v000001353e4bf020_0;
    %flag_set/vec4 8;
    %jmp/1 T_0.2, 8;
    %load/vec4 v000001353e4bfde0_0;
    %flag_set/vec4 9;
    %flag_or 8, 9;
T_0.2;
    %jmp/0 T_0.0, 8;
    %pushi/vec4 1, 0, 2;
    %jmp/1 T_0.1, 8;
T_0.0 ; End of true expr.
    %pushi/vec4 0, 0, 2;
    %jmp/0 T_0.1, 8;
 ; End of false expr.
    %blend;
T_0.1;
    %pad/s 1;
    %store/vec4 v000001353e44c2d0_0, 0, 1;
    %jmp T_0;
    .thread T_0, $push;
    .scope S_000001353e422ce0;
T_1 ;
    %wait E_000001353e44e8b0;
    %delay 9, 0;
    %load/vec4 v000001353e4c02e0_0;
    %load/vec4 v000001353e4bec60_0;
    %pad/u 5;
    %ix/vec4 4;
    %load/vec4a v000001353e4bfd40, 4;
    %cmp/e;
    %jmp/0xz  T_1.0, 4;
    %pushi/vec4 1, 0, 1;
    %store/vec4 v000001353e4bebc0_0, 0, 1;
    %jmp T_1.1;
T_1.0 ;
    %pushi/vec4 0, 0, 1;
    %store/vec4 v000001353e4bebc0_0, 0, 1;
T_1.1 ;
    %jmp T_1;
    .thread T_1, $push;
    .scope S_000001353e422ce0;
T_2 ;
    %wait E_000001353e44ec30;
    %load/vec4 v000001353e4bee40_0;
    %dup/vec4;
    %pushi/vec4 0, 0, 2;
    %cmp/u;
    %jmp/1 T_2.0, 6;
    %dup/vec4;
    %pushi/vec4 1, 0, 2;
    %cmp/u;
    %jmp/1 T_2.1, 6;
    %dup/vec4;
    %pushi/vec4 2, 0, 2;
    %cmp/u;
    %jmp/1 T_2.2, 6;
    %dup/vec4;
    %pushi/vec4 3, 0, 2;
    %cmp/u;
    %jmp/1 T_2.3, 6;
    %jmp T_2.4;
T_2.0 ;
    %load/vec4 v000001353e4bec60_0;
    %pad/u 5;
    %ix/vec4 4;
    %load/vec4a v000001353e44c0f0, 4;
    %parti/s 8, 0, 2;
    %store/vec4 v000001353e44bd30_0, 0, 8;
    %jmp T_2.4;
T_2.1 ;
    %load/vec4 v000001353e4bec60_0;
    %pad/u 5;
    %ix/vec4 4;
    %load/vec4a v000001353e44c0f0, 4;
    %parti/s 8, 8, 5;
    %store/vec4 v000001353e44bd30_0, 0, 8;
    %jmp T_2.4;
T_2.2 ;
    %load/vec4 v000001353e4bec60_0;
    %pad/u 5;
    %ix/vec4 4;
    %load/vec4a v000001353e44c0f0, 4;
    %parti/s 8, 16, 6;
    %store/vec4 v000001353e44bd30_0, 0, 8;
    %jmp T_2.4;
T_2.3 ;
    %load/vec4 v000001353e4bec60_0;
    %pad/u 5;
    %ix/vec4 4;
    %load/vec4a v000001353e44c0f0, 4;
    %parti/s 8, 24, 6;
    %store/vec4 v000001353e44bd30_0, 0, 8;
    %jmp T_2.4;
T_2.4 ;
    %pop/vec4 1;
    %jmp T_2;
    .thread T_2, $push;
    .scope S_000001353e422ce0;
T_3 ;
    %wait E_000001353e44eeb0;
    %load/vec4 v000001353e44c4b0_0;
    %flag_set/vec4 8;
    %jmp/0xz  T_3.0, 8;
    %load/vec4 v000001353e4bf020_0;
    %flag_set/vec4 9;
    %flag_get/vec4 9;
    %jmp/0 T_3.4, 9;
    %load/vec4 v000001353e4bfde0_0;
    %nor/r;
    %and;
T_3.4;
    %flag_set/vec4 8;
    %jmp/0xz  T_3.2, 8;
    %pushi/vec4 0, 0, 1;
    %store/vec4 v000001353e44c2d0_0, 0, 1;
    %pushi/vec4 0, 0, 1;
    %store/vec4 v000001353e4bebc0_0, 0, 1;
    %jmp T_3.3;
T_3.2 ;
    %load/vec4 v000001353e4bfde0_0;
    %flag_set/vec4 9;
    %flag_get/vec4 9;
    %jmp/0 T_3.7, 9;
    %load/vec4 v000001353e4bf020_0;
    %nor/r;
    %and;
T_3.7;
    %flag_set/vec4 8;
    %jmp/0xz  T_3.5, 8;
    %pushi/vec4 0, 0, 1;
    %store/vec4 v000001353e44c2d0_0, 0, 1;
    %pushi/vec4 1, 0, 1;
    %store/vec4 v000001353e44c5f0_0, 0, 1;
T_3.5 ;
T_3.3 ;
T_3.0 ;
    %jmp T_3;
    .thread T_3, $push;
    .scope S_000001353e422ce0;
T_4 ;
    %wait E_000001353e44f5b0;
    %load/vec4 v000001353e44c5f0_0;
    %pad/u 32;
    %cmpi/e 1, 0, 32;
    %jmp/0xz  T_4.0, 4;
    %delay 10, 0;
    %load/vec4 v000001353e4bee40_0;
    %dup/vec4;
    %pushi/vec4 0, 0, 2;
    %cmp/u;
    %jmp/1 T_4.2, 6;
    %dup/vec4;
    %pushi/vec4 1, 0, 2;
    %cmp/u;
    %jmp/1 T_4.3, 6;
    %dup/vec4;
    %pushi/vec4 2, 0, 2;
    %cmp/u;
    %jmp/1 T_4.4, 6;
    %dup/vec4;
    %pushi/vec4 3, 0, 2;
    %cmp/u;
    %jmp/1 T_4.5, 6;
    %jmp T_4.6;
T_4.2 ;
    %load/vec4 v000001353e44bdd0_0;
    %load/vec4 v000001353e4bec60_0;
    %pad/u 5;
    %ix/vec4 4;
    %flag_mov 8, 4;
    %ix/load 5, 0, 0;
    %flag_set/imm 4, 0;
    %flag_or 4, 8;
    %store/vec4a v000001353e44c0f0, 4, 5;
    %jmp T_4.6;
T_4.3 ;
    %load/vec4 v000001353e44bdd0_0;
    %load/vec4 v000001353e4bec60_0;
    %pad/u 5;
    %ix/vec4 4;
    %flag_mov 8, 4;
    %ix/load 5, 8, 0;
    %flag_set/imm 4, 0;
    %flag_or 4, 8;
    %store/vec4a v000001353e44c0f0, 4, 5;
    %jmp T_4.6;
T_4.4 ;
    %load/vec4 v000001353e44bdd0_0;
    %load/vec4 v000001353e4bec60_0;
    %pad/u 5;
    %ix/vec4 4;
    %flag_mov 8, 4;
    %ix/load 5, 16, 0;
    %flag_set/imm 4, 0;
    %flag_or 4, 8;
    %store/vec4a v000001353e44c0f0, 4, 5;
    %jmp T_4.6;
T_4.5 ;
    %load/vec4 v000001353e44bdd0_0;
    %load/vec4 v000001353e4bec60_0;
    %pad/u 5;
    %ix/vec4 4;
    %flag_mov 8, 4;
    %ix/load 5, 24, 0;
    %flag_set/imm 4, 0;
    %flag_or 4, 8;
    %store/vec4a v000001353e44c0f0, 4, 5;
    %jmp T_4.6;
T_4.6 ;
    %pop/vec4 1;
    %pushi/vec4 1, 0, 1;
    %load/vec4 v000001353e4bec60_0;
    %pad/u 5;
    %ix/vec4 4;
    %store/vec4a v000001353e44c410, 4, 0;
    %load/vec4 v000001353e4c02e0_0;
    %load/vec4 v000001353e4bec60_0;
    %pad/u 5;
    %ix/vec4 4;
    %store/vec4a v000001353e4bfd40, 4, 0;
    %pushi/vec4 0, 0, 1;
    %store/vec4 v000001353e44c5f0_0, 0, 1;
T_4.0 ;
    %jmp T_4;
    .thread T_4;
    .scope S_000001353e422ce0;
T_5 ;
    %wait E_000001353e44ea70;
    %load/vec4 v000001353e4beb20_0;
    %dup/vec4;
    %pushi/vec4 0, 0, 3;
    %cmp/u;
    %jmp/1 T_5.0, 6;
    %dup/vec4;
    %pushi/vec4 1, 0, 3;
    %cmp/u;
    %jmp/1 T_5.1, 6;
    %dup/vec4;
    %pushi/vec4 2, 0, 3;
    %cmp/u;
    %jmp/1 T_5.2, 6;
    %jmp T_5.3;
T_5.0 ;
    %load/vec4 v000001353e4bf020_0;
    %flag_set/vec4 10;
    %jmp/1 T_5.8, 10;
    %load/vec4 v000001353e4bfde0_0;
    %flag_set/vec4 11;
    %flag_or 10, 11;
T_5.8;
    %flag_get/vec4 10;
    %jmp/0 T_5.7, 10;
    %load/vec4 v000001353e44c370_0;
    %nor/r;
    %and;
T_5.7;
    %flag_set/vec4 9;
    %flag_get/vec4 9;
    %jmp/0 T_5.6, 9;
    %load/vec4 v000001353e44c4b0_0;
    %nor/r;
    %and;
T_5.6;
    %flag_set/vec4 8;
    %jmp/0xz  T_5.4, 8;
    %pushi/vec4 1, 0, 3;
    %store/vec4 v000001353e4bf700_0, 0, 3;
    %jmp T_5.5;
T_5.4 ;
    %load/vec4 v000001353e4bf020_0;
    %flag_set/vec4 10;
    %jmp/1 T_5.13, 10;
    %load/vec4 v000001353e4bfde0_0;
    %flag_set/vec4 11;
    %flag_or 10, 11;
T_5.13;
    %flag_get/vec4 10;
    %jmp/0 T_5.12, 10;
    %load/vec4 v000001353e44c370_0;
    %and;
T_5.12;
    %flag_set/vec4 9;
    %flag_get/vec4 9;
    %jmp/0 T_5.11, 9;
    %load/vec4 v000001353e44c4b0_0;
    %nor/r;
    %and;
T_5.11;
    %flag_set/vec4 8;
    %jmp/0xz  T_5.9, 8;
    %pushi/vec4 2, 0, 3;
    %store/vec4 v000001353e4bf700_0, 0, 3;
    %jmp T_5.10;
T_5.9 ;
    %pushi/vec4 0, 0, 3;
    %store/vec4 v000001353e4bf700_0, 0, 3;
T_5.10 ;
T_5.5 ;
    %jmp T_5.3;
T_5.1 ;
    %load/vec4 v000001353e4bed00_0;
    %nor/r;
    %flag_set/vec4 8;
    %jmp/0xz  T_5.14, 8;
    %pushi/vec4 0, 0, 3;
    %store/vec4 v000001353e4bf700_0, 0, 3;
    %jmp T_5.15;
T_5.14 ;
    %pushi/vec4 1, 0, 3;
    %store/vec4 v000001353e4bf700_0, 0, 3;
T_5.15 ;
    %jmp T_5.3;
T_5.2 ;
    %load/vec4 v000001353e4bed00_0;
    %nor/r;
    %flag_set/vec4 8;
    %jmp/0xz  T_5.16, 8;
    %pushi/vec4 1, 0, 3;
    %store/vec4 v000001353e4bf700_0, 0, 3;
    %jmp T_5.17;
T_5.16 ;
    %pushi/vec4 2, 0, 3;
    %store/vec4 v000001353e4bf700_0, 0, 3;
T_5.17 ;
    %jmp T_5.3;
T_5.3 ;
    %pop/vec4 1;
    %jmp T_5;
    .thread T_5, $push;
    .scope S_000001353e422ce0;
T_6 ;
    %wait E_000001353e44f6f0;
    %load/vec4 v000001353e4beb20_0;
    %dup/vec4;
    %pushi/vec4 0, 0, 3;
    %cmp/u;
    %jmp/1 T_6.0, 6;
    %dup/vec4;
    %pushi/vec4 1, 0, 3;
    %cmp/u;
    %jmp/1 T_6.1, 6;
    %dup/vec4;
    %pushi/vec4 2, 0, 3;
    %cmp/u;
    %jmp/1 T_6.2, 6;
    %jmp T_6.3;
T_6.0 ;
    %pushi/vec4 0, 0, 1;
    %store/vec4 v000001353e4beda0_0, 0, 1;
    %pushi/vec4 0, 0, 1;
    %store/vec4 v000001353e4bff20_0, 0, 1;
    %pushi/vec4 63, 63, 6;
    %store/vec4 v000001353e4bea80_0, 0, 6;
    %pushi/vec4 255, 255, 32;
    %store/vec4 v000001353e4bfca0_0, 0, 32;
    %jmp T_6.3;
T_6.1 ;
    %pushi/vec4 1, 0, 1;
    %store/vec4 v000001353e4beda0_0, 0, 1;
    %pushi/vec4 0, 0, 1;
    %store/vec4 v000001353e4bff20_0, 0, 1;
    %load/vec4 v000001353e4c02e0_0;
    %load/vec4 v000001353e4bec60_0;
    %concat/vec4; draw_concat_vec4
    %store/vec4 v000001353e4bea80_0, 0, 6;
    %pushi/vec4 4294967295, 4294967295, 32;
    %store/vec4 v000001353e4bfca0_0, 0, 32;
    %pushi/vec4 1, 0, 1;
    %store/vec4 v000001353e44c2d0_0, 0, 1;
    %delay 10, 0;
    %load/vec4 v000001353e4bed00_0;
    %pad/u 32;
    %cmpi/e 0, 0, 32;
    %jmp/0xz  T_6.4, 4;
    %load/vec4 v000001353e4c0240_0;
    %load/vec4 v000001353e4bec60_0;
    %pad/u 5;
    %ix/vec4 4;
    %store/vec4a v000001353e44c0f0, 4, 0;
    %pushi/vec4 1, 0, 1;
    %load/vec4 v000001353e4bec60_0;
    %pad/u 5;
    %ix/vec4 4;
    %store/vec4a v000001353e4bfac0, 4, 0;
    %load/vec4 v000001353e4c02e0_0;
    %load/vec4 v000001353e4bec60_0;
    %pad/u 5;
    %ix/vec4 4;
    %store/vec4a v000001353e4bfd40, 4, 0;
T_6.4 ;
    %jmp T_6.3;
T_6.2 ;
    %pushi/vec4 0, 0, 1;
    %store/vec4 v000001353e4beda0_0, 0, 1;
    %pushi/vec4 1, 0, 1;
    %store/vec4 v000001353e4bff20_0, 0, 1;
    %load/vec4 v000001353e44bc90_0;
    %load/vec4 v000001353e4bec60_0;
    %concat/vec4; draw_concat_vec4
    %store/vec4 v000001353e4bea80_0, 0, 6;
    %load/vec4 v000001353e4bec60_0;
    %pad/u 5;
    %ix/vec4 4;
    %load/vec4a v000001353e44c0f0, 4;
    %store/vec4 v000001353e4bfca0_0, 0, 32;
    %pushi/vec4 1, 0, 1;
    %store/vec4 v000001353e44c2d0_0, 0, 1;
    %load/vec4 v000001353e4bed00_0;
    %pad/u 32;
    %cmpi/e 0, 0, 32;
    %jmp/0xz  T_6.6, 4;
    %pushi/vec4 0, 0, 1;
    %load/vec4 v000001353e4bec60_0;
    %pad/u 5;
    %ix/vec4 4;
    %store/vec4a v000001353e44c410, 4, 0;
T_6.6 ;
    %jmp T_6.3;
T_6.3 ;
    %pop/vec4 1;
    %jmp T_6;
    .thread T_6, $push;
    .scope S_000001353e422ce0;
T_7 ;
    %wait E_000001353e44f670;
    %load/vec4 v000001353e4be9e0_0;
    %flag_set/vec4 8;
    %jmp/0xz  T_7.0, 8;
    %pushi/vec4 0, 0, 3;
    %store/vec4 v000001353e4beb20_0, 0, 3;
    %pushi/vec4 0, 0, 32;
    %store/vec4 v000001353e4bf160_0, 0, 32;
T_7.2 ;
    %load/vec4 v000001353e4bf160_0;
    %cmpi/s 7, 0, 32;
    %jmp/0xz T_7.3, 5;
    %pushi/vec4 0, 0, 1;
    %ix/getv/s 4, v000001353e4bf160_0;
    %store/vec4a v000001353e44c410, 4, 0;
    %pushi/vec4 0, 0, 1;
    %ix/getv/s 4, v000001353e4bf160_0;
    %store/vec4a v000001353e4bfac0, 4, 0;
    %load/vec4 v000001353e4bf160_0;
    %addi 1, 0, 32;
    %store/vec4 v000001353e4bf160_0, 0, 32;
    %jmp T_7.2;
T_7.3 ;
    %jmp T_7.1;
T_7.0 ;
    %load/vec4 v000001353e4bf700_0;
    %store/vec4 v000001353e4beb20_0, 0, 3;
T_7.1 ;
    %jmp T_7;
    .thread T_7;
# The file index is used to find the file name in the following table.
:file_names 3;
    "N/A";
    "<interactive>";
    "dcache.v";
